0 info it worked if it ends with ok
1 verbose cli [ '/Users/jeremypbeasley/.nvm/versions/node/v4.4.5/bin/node',
1 verbose cli   '/Users/jeremypbeasley/.nvm/versions/node/v4.4.5/bin/npm',
1 verbose cli   'install' ]
2 info using npm@3.10.2
3 info using node@v4.4.5
4 silly loadCurrentTree Starting
5 silly install loadCurrentTree
6 silly install readLocalPackageData
7 silly install normalizeTree
8 silly loadCurrentTree Finishing
9 silly loadIdealTree Starting
10 silly install loadIdealTree
11 silly cloneCurrentTree Starting
12 silly install cloneCurrentTreeToIdealTree
13 silly cloneCurrentTree Finishing
14 silly loadShrinkwrap Starting
15 silly install loadShrinkwrap
16 silly loadShrinkwrap Finishing
17 silly loadAllDepsIntoIdealTree Starting
18 silly install loadAllDepsIntoIdealTree
19 silly fetchNamedPackageData bcryptjs
20 silly mapToRegistry name bcryptjs
21 silly mapToRegistry using default registry
22 silly mapToRegistry registry https://registry.npmjs.org/
23 silly mapToRegistry data Result {
23 silly mapToRegistry   raw: 'bcryptjs',
23 silly mapToRegistry   scope: null,
23 silly mapToRegistry   escapedName: 'bcryptjs',
23 silly mapToRegistry   name: 'bcryptjs',
23 silly mapToRegistry   rawSpec: '',
23 silly mapToRegistry   spec: 'latest',
23 silly mapToRegistry   type: 'tag' }
24 silly mapToRegistry uri https://registry.npmjs.org/bcryptjs
25 silly fetchNamedPackageData express-handlebars
26 silly mapToRegistry name express-handlebars
27 silly mapToRegistry using default registry
28 silly mapToRegistry registry https://registry.npmjs.org/
29 silly mapToRegistry data Result {
29 silly mapToRegistry   raw: 'express-handlebars',
29 silly mapToRegistry   scope: null,
29 silly mapToRegistry   escapedName: 'express-handlebars',
29 silly mapToRegistry   name: 'express-handlebars',
29 silly mapToRegistry   rawSpec: '',
29 silly mapToRegistry   spec: 'latest',
29 silly mapToRegistry   type: 'tag' }
30 silly mapToRegistry uri https://registry.npmjs.org/express-handlebars
31 silly fetchNamedPackageData morgan
32 silly mapToRegistry name morgan
33 silly mapToRegistry using default registry
34 silly mapToRegistry registry https://registry.npmjs.org/
35 silly mapToRegistry data Result {
35 silly mapToRegistry   raw: 'morgan',
35 silly mapToRegistry   scope: null,
35 silly mapToRegistry   escapedName: 'morgan',
35 silly mapToRegistry   name: 'morgan',
35 silly mapToRegistry   rawSpec: '',
35 silly mapToRegistry   spec: 'latest',
35 silly mapToRegistry   type: 'tag' }
36 silly mapToRegistry uri https://registry.npmjs.org/morgan
37 silly fetchNamedPackageData cookie-parser
38 silly mapToRegistry name cookie-parser
39 silly mapToRegistry using default registry
40 silly mapToRegistry registry https://registry.npmjs.org/
41 silly mapToRegistry data Result {
41 silly mapToRegistry   raw: 'cookie-parser',
41 silly mapToRegistry   scope: null,
41 silly mapToRegistry   escapedName: 'cookie-parser',
41 silly mapToRegistry   name: 'cookie-parser',
41 silly mapToRegistry   rawSpec: '',
41 silly mapToRegistry   spec: 'latest',
41 silly mapToRegistry   type: 'tag' }
42 silly mapToRegistry uri https://registry.npmjs.org/cookie-parser
43 silly fetchNamedPackageData method-override
44 silly mapToRegistry name method-override
45 silly mapToRegistry using default registry
46 silly mapToRegistry registry https://registry.npmjs.org/
47 silly mapToRegistry data Result {
47 silly mapToRegistry   raw: 'method-override',
47 silly mapToRegistry   scope: null,
47 silly mapToRegistry   escapedName: 'method-override',
47 silly mapToRegistry   name: 'method-override',
47 silly mapToRegistry   rawSpec: '',
47 silly mapToRegistry   spec: 'latest',
47 silly mapToRegistry   type: 'tag' }
48 silly mapToRegistry uri https://registry.npmjs.org/method-override
49 silly fetchNamedPackageData express-session
50 silly mapToRegistry name express-session
51 silly mapToRegistry using default registry
52 silly mapToRegistry registry https://registry.npmjs.org/
53 silly mapToRegistry data Result {
53 silly mapToRegistry   raw: 'express-session',
53 silly mapToRegistry   scope: null,
53 silly mapToRegistry   escapedName: 'express-session',
53 silly mapToRegistry   name: 'express-session',
53 silly mapToRegistry   rawSpec: '',
53 silly mapToRegistry   spec: 'latest',
53 silly mapToRegistry   type: 'tag' }
54 silly mapToRegistry uri https://registry.npmjs.org/express-session
55 silly fetchNamedPackageData orchestrate
56 silly mapToRegistry name orchestrate
57 silly mapToRegistry using default registry
58 silly mapToRegistry registry https://registry.npmjs.org/
59 silly mapToRegistry data Result {
59 silly mapToRegistry   raw: 'orchestrate',
59 silly mapToRegistry   scope: null,
59 silly mapToRegistry   escapedName: 'orchestrate',
59 silly mapToRegistry   name: 'orchestrate',
59 silly mapToRegistry   rawSpec: '',
59 silly mapToRegistry   spec: 'latest',
59 silly mapToRegistry   type: 'tag' }
60 silly mapToRegistry uri https://registry.npmjs.org/orchestrate
61 silly fetchNamedPackageData passport
62 silly mapToRegistry name passport
63 silly mapToRegistry using default registry
64 silly mapToRegistry registry https://registry.npmjs.org/
65 silly mapToRegistry data Result {
65 silly mapToRegistry   raw: 'passport',
65 silly mapToRegistry   scope: null,
65 silly mapToRegistry   escapedName: 'passport',
65 silly mapToRegistry   name: 'passport',
65 silly mapToRegistry   rawSpec: '',
65 silly mapToRegistry   spec: 'latest',
65 silly mapToRegistry   type: 'tag' }
66 silly mapToRegistry uri https://registry.npmjs.org/passport
67 silly fetchNamedPackageData passport-facebook
68 silly mapToRegistry name passport-facebook
69 silly mapToRegistry using default registry
70 silly mapToRegistry registry https://registry.npmjs.org/
71 silly mapToRegistry data Result {
71 silly mapToRegistry   raw: 'passport-facebook',
71 silly mapToRegistry   scope: null,
71 silly mapToRegistry   escapedName: 'passport-facebook',
71 silly mapToRegistry   name: 'passport-facebook',
71 silly mapToRegistry   rawSpec: '',
71 silly mapToRegistry   spec: 'latest',
71 silly mapToRegistry   type: 'tag' }
72 silly mapToRegistry uri https://registry.npmjs.org/passport-facebook
73 silly fetchNamedPackageData passport-google
74 silly mapToRegistry name passport-google
75 silly mapToRegistry using default registry
76 silly mapToRegistry registry https://registry.npmjs.org/
77 silly mapToRegistry data Result {
77 silly mapToRegistry   raw: 'passport-google',
77 silly mapToRegistry   scope: null,
77 silly mapToRegistry   escapedName: 'passport-google',
77 silly mapToRegistry   name: 'passport-google',
77 silly mapToRegistry   rawSpec: '',
77 silly mapToRegistry   spec: 'latest',
77 silly mapToRegistry   type: 'tag' }
78 silly mapToRegistry uri https://registry.npmjs.org/passport-google
79 silly fetchNamedPackageData passport-local
80 silly mapToRegistry name passport-local
81 silly mapToRegistry using default registry
82 silly mapToRegistry registry https://registry.npmjs.org/
83 silly mapToRegistry data Result {
83 silly mapToRegistry   raw: 'passport-local',
83 silly mapToRegistry   scope: null,
83 silly mapToRegistry   escapedName: 'passport-local',
83 silly mapToRegistry   name: 'passport-local',
83 silly mapToRegistry   rawSpec: '',
83 silly mapToRegistry   spec: 'latest',
83 silly mapToRegistry   type: 'tag' }
84 silly mapToRegistry uri https://registry.npmjs.org/passport-local
85 silly fetchNamedPackageData passport-twitter
86 silly mapToRegistry name passport-twitter
87 silly mapToRegistry using default registry
88 silly mapToRegistry registry https://registry.npmjs.org/
89 silly mapToRegistry data Result {
89 silly mapToRegistry   raw: 'passport-twitter',
89 silly mapToRegistry   scope: null,
89 silly mapToRegistry   escapedName: 'passport-twitter',
89 silly mapToRegistry   name: 'passport-twitter',
89 silly mapToRegistry   rawSpec: '',
89 silly mapToRegistry   spec: 'latest',
89 silly mapToRegistry   type: 'tag' }
90 silly mapToRegistry uri https://registry.npmjs.org/passport-twitter
91 silly fetchNamedPackageData q
92 silly mapToRegistry name q
93 silly mapToRegistry using default registry
94 silly mapToRegistry registry https://registry.npmjs.org/
95 silly mapToRegistry data Result {
95 silly mapToRegistry   raw: 'q',
95 silly mapToRegistry   scope: null,
95 silly mapToRegistry   escapedName: 'q',
95 silly mapToRegistry   name: 'q',
95 silly mapToRegistry   rawSpec: '',
95 silly mapToRegistry   spec: 'latest',
95 silly mapToRegistry   type: 'tag' }
96 silly mapToRegistry uri https://registry.npmjs.org/q
97 verbose request uri https://registry.npmjs.org/bcryptjs
98 verbose request no auth needed
99 info attempt registry request try #1 at 5:38:08 PM
100 verbose request id 5313eb4eb233097e
101 http request GET https://registry.npmjs.org/bcryptjs
102 verbose request uri https://registry.npmjs.org/orchestrate
103 verbose request no auth needed
104 info attempt registry request try #1 at 5:38:08 PM
105 http request GET https://registry.npmjs.org/orchestrate
106 verbose request uri https://registry.npmjs.org/passport
107 verbose request no auth needed
108 info attempt registry request try #1 at 5:38:08 PM
109 http request GET https://registry.npmjs.org/passport
110 verbose request uri https://registry.npmjs.org/passport-facebook
111 verbose request no auth needed
112 info attempt registry request try #1 at 5:38:08 PM
113 http request GET https://registry.npmjs.org/passport-facebook
114 verbose request uri https://registry.npmjs.org/passport-google
115 verbose request no auth needed
116 info attempt registry request try #1 at 5:38:08 PM
117 http request GET https://registry.npmjs.org/passport-google
118 verbose request uri https://registry.npmjs.org/passport-local
119 verbose request no auth needed
120 info attempt registry request try #1 at 5:38:08 PM
121 http request GET https://registry.npmjs.org/passport-local
122 verbose request uri https://registry.npmjs.org/passport-twitter
123 verbose request no auth needed
124 info attempt registry request try #1 at 5:38:08 PM
125 http request GET https://registry.npmjs.org/passport-twitter
126 info retry will retry, error on last attempt: Error: getaddrinfo ENOTFOUND registry.npmjs.org registry.npmjs.org:443
127 info retry will retry, error on last attempt: Error: getaddrinfo ENOTFOUND registry.npmjs.org registry.npmjs.org:443
128 info retry will retry, error on last attempt: Error: getaddrinfo ENOTFOUND registry.npmjs.org registry.npmjs.org:443
129 info retry will retry, error on last attempt: Error: getaddrinfo ENOTFOUND registry.npmjs.org registry.npmjs.org:443
130 info retry will retry, error on last attempt: Error: getaddrinfo ENOTFOUND registry.npmjs.org registry.npmjs.org:443
131 info retry will retry, error on last attempt: Error: getaddrinfo ENOTFOUND registry.npmjs.org registry.npmjs.org:443
132 info retry will retry, error on last attempt: Error: getaddrinfo ENOTFOUND registry.npmjs.org registry.npmjs.org:443
133 verbose request uri https://registry.npmjs.org/method-override
134 verbose request no auth needed
135 info attempt registry request try #1 at 5:38:21 PM
136 verbose etag "4KO0UVOSP0MK94PVJYR29GGPM"
137 http request GET https://registry.npmjs.org/method-override
138 verbose request uri https://registry.npmjs.org/morgan
139 verbose request no auth needed
140 info attempt registry request try #1 at 5:38:21 PM
141 verbose etag "979C5UF3H7557761UUNBEK7LT"
142 http request GET https://registry.npmjs.org/morgan
143 verbose request uri https://registry.npmjs.org/express-handlebars
144 verbose request no auth needed
145 info attempt registry request try #1 at 5:38:21 PM
146 verbose etag "3KRI0PANOQ499D9YKO7E1FNPQ"
147 http request GET https://registry.npmjs.org/express-handlebars
148 verbose request uri https://registry.npmjs.org/express-session
149 verbose request no auth needed
150 info attempt registry request try #1 at 5:38:21 PM
151 verbose etag "9L3122S9VQ7B32K1Q5ZU99H0H"
152 http request GET https://registry.npmjs.org/express-session
153 verbose request uri https://registry.npmjs.org/cookie-parser
154 verbose request no auth needed
155 info attempt registry request try #1 at 5:38:21 PM
156 verbose etag "7Y8ZRZL9WBL92ZSZFTDJRISEU"
157 http request GET https://registry.npmjs.org/cookie-parser
158 info retry will retry, error on last attempt: Error: getaddrinfo ENOTFOUND registry.npmjs.org registry.npmjs.org:443
159 info retry will retry, error on last attempt: Error: getaddrinfo ENOTFOUND registry.npmjs.org registry.npmjs.org:443
160 info retry will retry, error on last attempt: Error: getaddrinfo ENOTFOUND registry.npmjs.org registry.npmjs.org:443
161 info retry will retry, error on last attempt: Error: getaddrinfo ENOTFOUND registry.npmjs.org registry.npmjs.org:443
162 info retry will retry, error on last attempt: Error: getaddrinfo ENOTFOUND registry.npmjs.org registry.npmjs.org:443
163 verbose request uri https://registry.npmjs.org/q
164 verbose request no auth needed
165 info attempt registry request try #1 at 5:38:21 PM
166 verbose etag "4LQD3VWG0XEDG7MYLRO9SCTS8"
167 http request GET https://registry.npmjs.org/q
168 info retry will retry, error on last attempt: Error: getaddrinfo ENOTFOUND registry.npmjs.org registry.npmjs.org:443
169 info attempt registry request try #2 at 5:38:31 PM
170 http request GET https://registry.npmjs.org/passport-facebook
171 info attempt registry request try #2 at 5:38:31 PM
172 http request GET https://registry.npmjs.org/orchestrate
173 info attempt registry request try #2 at 5:38:31 PM
174 http request GET https://registry.npmjs.org/passport
175 info attempt registry request try #2 at 5:38:31 PM
176 http request GET https://registry.npmjs.org/bcryptjs
177 info attempt registry request try #2 at 5:38:31 PM
178 http request GET https://registry.npmjs.org/passport-local
179 info attempt registry request try #2 at 5:38:31 PM
180 http request GET https://registry.npmjs.org/passport-google
181 info attempt registry request try #2 at 5:38:31 PM
182 http request GET https://registry.npmjs.org/passport-twitter
183 info retry will retry, error on last attempt: Error: getaddrinfo ENOTFOUND registry.npmjs.org registry.npmjs.org:443
184 info retry will retry, error on last attempt: Error: getaddrinfo ENOTFOUND registry.npmjs.org registry.npmjs.org:443
185 info retry will retry, error on last attempt: Error: getaddrinfo ENOTFOUND registry.npmjs.org registry.npmjs.org:443
186 info retry will retry, error on last attempt: Error: getaddrinfo ENOTFOUND registry.npmjs.org registry.npmjs.org:443
187 info retry will retry, error on last attempt: Error: getaddrinfo ENOTFOUND registry.npmjs.org registry.npmjs.org:443
188 info retry will retry, error on last attempt: Error: getaddrinfo ENOTFOUND registry.npmjs.org registry.npmjs.org:443
189 info retry will retry, error on last attempt: Error: getaddrinfo ENOTFOUND registry.npmjs.org registry.npmjs.org:443
190 info attempt registry request try #2 at 5:38:31 PM
191 verbose etag "979C5UF3H7557761UUNBEK7LT"
192 http request GET https://registry.npmjs.org/morgan
193 info attempt registry request try #2 at 5:38:31 PM
194 verbose etag "4KO0UVOSP0MK94PVJYR29GGPM"
195 http request GET https://registry.npmjs.org/method-override
196 info attempt registry request try #2 at 5:38:31 PM
197 verbose etag "3KRI0PANOQ499D9YKO7E1FNPQ"
198 http request GET https://registry.npmjs.org/express-handlebars
199 info attempt registry request try #2 at 5:38:31 PM
200 verbose etag "9L3122S9VQ7B32K1Q5ZU99H0H"
201 http request GET https://registry.npmjs.org/express-session
202 info attempt registry request try #2 at 5:38:31 PM
203 verbose etag "7Y8ZRZL9WBL92ZSZFTDJRISEU"
204 http request GET https://registry.npmjs.org/cookie-parser
205 info attempt registry request try #2 at 5:38:31 PM
206 verbose etag "4LQD3VWG0XEDG7MYLRO9SCTS8"
207 http request GET https://registry.npmjs.org/q
208 info retry will retry, error on last attempt: Error: getaddrinfo ENOTFOUND registry.npmjs.org registry.npmjs.org:443
209 info retry will retry, error on last attempt: Error: getaddrinfo ENOTFOUND registry.npmjs.org registry.npmjs.org:443
210 info retry will retry, error on last attempt: Error: getaddrinfo ENOTFOUND registry.npmjs.org registry.npmjs.org:443
211 info retry will retry, error on last attempt: Error: getaddrinfo ENOTFOUND registry.npmjs.org registry.npmjs.org:443
212 info retry will retry, error on last attempt: Error: getaddrinfo ENOTFOUND registry.npmjs.org registry.npmjs.org:443
213 info retry will retry, error on last attempt: Error: getaddrinfo ENOTFOUND registry.npmjs.org registry.npmjs.org:443
214 info attempt registry request try #3 at 5:39:31 PM
215 http request GET https://registry.npmjs.org/passport-facebook
216 info attempt registry request try #3 at 5:39:31 PM
217 http request GET https://registry.npmjs.org/orchestrate
218 info attempt registry request try #3 at 5:39:31 PM
219 http request GET https://registry.npmjs.org/passport
220 info attempt registry request try #3 at 5:39:31 PM
221 http request GET https://registry.npmjs.org/bcryptjs
222 info attempt registry request try #3 at 5:39:31 PM
223 http request GET https://registry.npmjs.org/passport-local
224 info attempt registry request try #3 at 5:39:31 PM
225 http request GET https://registry.npmjs.org/passport-google
226 info attempt registry request try #3 at 5:39:31 PM
227 http request GET https://registry.npmjs.org/passport-twitter
228 silly fetchPackageMetaData Error: getaddrinfo ENOTFOUND registry.npmjs.org registry.npmjs.org:443
228 silly fetchPackageMetaData     at errnoException (dns.js:27:10)
228 silly fetchPackageMetaData     at GetAddrInfoReqWrap.onlookup [as oncomplete] (dns.js:78:26)
228 silly fetchPackageMetaData  error for bcryptjs@^0.7.12 { [Error: getaddrinfo ENOTFOUND registry.npmjs.org registry.npmjs.org:443]
228 silly fetchPackageMetaData   code: 'ENOTFOUND',
228 silly fetchPackageMetaData   errno: 'ENOTFOUND',
228 silly fetchPackageMetaData   syscall: 'getaddrinfo',
228 silly fetchPackageMetaData   hostname: 'registry.npmjs.org',
228 silly fetchPackageMetaData   host: 'registry.npmjs.org',
228 silly fetchPackageMetaData   port: 443 }
229 silly fetchPackageMetaData Error: getaddrinfo ENOTFOUND registry.npmjs.org registry.npmjs.org:443
229 silly fetchPackageMetaData     at errnoException (dns.js:27:10)
229 silly fetchPackageMetaData     at GetAddrInfoReqWrap.onlookup [as oncomplete] (dns.js:78:26)
229 silly fetchPackageMetaData  error for passport@^0.2.1 { [Error: getaddrinfo ENOTFOUND registry.npmjs.org registry.npmjs.org:443]
229 silly fetchPackageMetaData   code: 'ENOTFOUND',
229 silly fetchPackageMetaData   errno: 'ENOTFOUND',
229 silly fetchPackageMetaData   syscall: 'getaddrinfo',
229 silly fetchPackageMetaData   hostname: 'registry.npmjs.org',
229 silly fetchPackageMetaData   host: 'registry.npmjs.org',
229 silly fetchPackageMetaData   port: 443 }
230 silly fetchPackageMetaData Error: getaddrinfo ENOTFOUND registry.npmjs.org registry.npmjs.org:443
230 silly fetchPackageMetaData     at errnoException (dns.js:27:10)
230 silly fetchPackageMetaData     at GetAddrInfoReqWrap.onlookup [as oncomplete] (dns.js:78:26)
230 silly fetchPackageMetaData  error for orchestrate@^0.3.11 { [Error: getaddrinfo ENOTFOUND registry.npmjs.org registry.npmjs.org:443]
230 silly fetchPackageMetaData   code: 'ENOTFOUND',
230 silly fetchPackageMetaData   errno: 'ENOTFOUND',
230 silly fetchPackageMetaData   syscall: 'getaddrinfo',
230 silly fetchPackageMetaData   hostname: 'registry.npmjs.org',
230 silly fetchPackageMetaData   host: 'registry.npmjs.org',
230 silly fetchPackageMetaData   port: 443 }
231 silly fetchPackageMetaData Error: getaddrinfo ENOTFOUND registry.npmjs.org registry.npmjs.org:443
231 silly fetchPackageMetaData     at errnoException (dns.js:27:10)
231 silly fetchPackageMetaData     at GetAddrInfoReqWrap.onlookup [as oncomplete] (dns.js:78:26)
231 silly fetchPackageMetaData  error for passport-facebook@^1.0.3 { [Error: getaddrinfo ENOTFOUND registry.npmjs.org registry.npmjs.org:443]
231 silly fetchPackageMetaData   code: 'ENOTFOUND',
231 silly fetchPackageMetaData   errno: 'ENOTFOUND',
231 silly fetchPackageMetaData   syscall: 'getaddrinfo',
231 silly fetchPackageMetaData   hostname: 'registry.npmjs.org',
231 silly fetchPackageMetaData   host: 'registry.npmjs.org',
231 silly fetchPackageMetaData   port: 443 }
232 silly fetchPackageMetaData Error: getaddrinfo ENOTFOUND registry.npmjs.org registry.npmjs.org:443
232 silly fetchPackageMetaData     at errnoException (dns.js:27:10)
232 silly fetchPackageMetaData     at GetAddrInfoReqWrap.onlookup [as oncomplete] (dns.js:78:26)
232 silly fetchPackageMetaData  error for passport-local@^1.0.0 { [Error: getaddrinfo ENOTFOUND registry.npmjs.org registry.npmjs.org:443]
232 silly fetchPackageMetaData   code: 'ENOTFOUND',
232 silly fetchPackageMetaData   errno: 'ENOTFOUND',
232 silly fetchPackageMetaData   syscall: 'getaddrinfo',
232 silly fetchPackageMetaData   hostname: 'registry.npmjs.org',
232 silly fetchPackageMetaData   host: 'registry.npmjs.org',
232 silly fetchPackageMetaData   port: 443 }
233 silly fetchPackageMetaData Error: getaddrinfo ENOTFOUND registry.npmjs.org registry.npmjs.org:443
233 silly fetchPackageMetaData     at errnoException (dns.js:27:10)
233 silly fetchPackageMetaData     at GetAddrInfoReqWrap.onlookup [as oncomplete] (dns.js:78:26)
233 silly fetchPackageMetaData  error for passport-google@^0.3.0 { [Error: getaddrinfo ENOTFOUND registry.npmjs.org registry.npmjs.org:443]
233 silly fetchPackageMetaData   code: 'ENOTFOUND',
233 silly fetchPackageMetaData   errno: 'ENOTFOUND',
233 silly fetchPackageMetaData   syscall: 'getaddrinfo',
233 silly fetchPackageMetaData   hostname: 'registry.npmjs.org',
233 silly fetchPackageMetaData   host: 'registry.npmjs.org',
233 silly fetchPackageMetaData   port: 443 }
234 silly fetchPackageMetaData Error: getaddrinfo ENOTFOUND registry.npmjs.org registry.npmjs.org:443
234 silly fetchPackageMetaData     at errnoException (dns.js:27:10)
234 silly fetchPackageMetaData     at GetAddrInfoReqWrap.onlookup [as oncomplete] (dns.js:78:26)
234 silly fetchPackageMetaData  error for passport-twitter@^1.0.2 { [Error: getaddrinfo ENOTFOUND registry.npmjs.org registry.npmjs.org:443]
234 silly fetchPackageMetaData   code: 'ENOTFOUND',
234 silly fetchPackageMetaData   errno: 'ENOTFOUND',
234 silly fetchPackageMetaData   syscall: 'getaddrinfo',
234 silly fetchPackageMetaData   hostname: 'registry.npmjs.org',
234 silly fetchPackageMetaData   host: 'registry.npmjs.org',
234 silly fetchPackageMetaData   port: 443 }
235 info attempt registry request try #3 at 5:39:31 PM
236 verbose etag "979C5UF3H7557761UUNBEK7LT"
237 http request GET https://registry.npmjs.org/morgan
238 info attempt registry request try #3 at 5:39:31 PM
239 verbose etag "3KRI0PANOQ499D9YKO7E1FNPQ"
240 http request GET https://registry.npmjs.org/express-handlebars
241 info attempt registry request try #3 at 5:39:31 PM
242 verbose etag "4KO0UVOSP0MK94PVJYR29GGPM"
243 http request GET https://registry.npmjs.org/method-override
244 info attempt registry request try #3 at 5:39:31 PM
245 verbose etag "9L3122S9VQ7B32K1Q5ZU99H0H"
246 http request GET https://registry.npmjs.org/express-session
247 info attempt registry request try #3 at 5:39:31 PM
248 verbose etag "7Y8ZRZL9WBL92ZSZFTDJRISEU"
249 http request GET https://registry.npmjs.org/cookie-parser
250 info attempt registry request try #3 at 5:39:31 PM
251 verbose etag "4LQD3VWG0XEDG7MYLRO9SCTS8"
252 http request GET https://registry.npmjs.org/q
253 silly get cb [ 304, undefined ]
254 verbose etag https://registry.npmjs.org/morgan from cache
255 verbose get saving morgan to /Users/jeremypbeasley/.npm/registry.npmjs.org/morgan/.cache.json
256 verbose correctMkdir /Users/jeremypbeasley/.npm correctMkdir not in flight; initializing
257 silly get cb [ 304, undefined ]
258 verbose etag https://registry.npmjs.org/express-handlebars from cache
259 verbose get saving express-handlebars to /Users/jeremypbeasley/.npm/registry.npmjs.org/express-handlebars/.cache.json
260 verbose correctMkdir /Users/jeremypbeasley/.npm correctMkdir already in flight; waiting
261 silly get cb [ 304, undefined ]
262 verbose etag https://registry.npmjs.org/method-override from cache
263 verbose get saving method-override to /Users/jeremypbeasley/.npm/registry.npmjs.org/method-override/.cache.json
264 verbose correctMkdir /Users/jeremypbeasley/.npm correctMkdir already in flight; waiting
265 silly get cb [ 304, undefined ]
266 verbose etag https://registry.npmjs.org/express-session from cache
267 verbose get saving express-session to /Users/jeremypbeasley/.npm/registry.npmjs.org/express-session/.cache.json
268 verbose correctMkdir /Users/jeremypbeasley/.npm correctMkdir already in flight; waiting
269 silly get cb [ 304, undefined ]
270 verbose etag https://registry.npmjs.org/cookie-parser from cache
271 verbose get saving cookie-parser to /Users/jeremypbeasley/.npm/registry.npmjs.org/cookie-parser/.cache.json
272 verbose correctMkdir /Users/jeremypbeasley/.npm correctMkdir already in flight; waiting
273 silly get cb [ 304, undefined ]
274 verbose etag https://registry.npmjs.org/q from cache
275 verbose get saving q to /Users/jeremypbeasley/.npm/registry.npmjs.org/q/.cache.json
276 verbose correctMkdir /Users/jeremypbeasley/.npm correctMkdir already in flight; waiting
277 silly resolveWithNewModule express-handlebars@1.2.2 checking installable status
278 silly cache add args [ 'express-handlebars@^1.1.0', null ]
279 verbose cache add spec express-handlebars@^1.1.0
280 silly cache add parsed spec Result {
280 silly cache add   raw: 'express-handlebars@^1.1.0',
280 silly cache add   scope: null,
280 silly cache add   escapedName: 'express-handlebars',
280 silly cache add   name: 'express-handlebars',
280 silly cache add   rawSpec: '^1.1.0',
280 silly cache add   spec: '>=1.1.0 <2.0.0',
280 silly cache add   type: 'range' }
281 silly addNamed express-handlebars@>=1.1.0 <2.0.0
282 verbose addNamed ">=1.1.0 <2.0.0" is a valid semver range for express-handlebars
283 silly addNameRange { name: 'express-handlebars',
283 silly addNameRange   range: '>=1.1.0 <2.0.0',
283 silly addNameRange   hasData: false }
284 silly mapToRegistry name express-handlebars
285 silly mapToRegistry using default registry
286 silly mapToRegistry registry https://registry.npmjs.org/
287 silly mapToRegistry data Result {
287 silly mapToRegistry   raw: 'express-handlebars',
287 silly mapToRegistry   scope: null,
287 silly mapToRegistry   escapedName: 'express-handlebars',
287 silly mapToRegistry   name: 'express-handlebars',
287 silly mapToRegistry   rawSpec: '',
287 silly mapToRegistry   spec: 'latest',
287 silly mapToRegistry   type: 'tag' }
288 silly mapToRegistry uri https://registry.npmjs.org/express-handlebars
289 verbose addNameRange registry:https://registry.npmjs.org/express-handlebars not in flight; fetching
290 silly resolveWithNewModule express-session@1.13.0 checking installable status
291 silly cache add args [ 'express-session@^1.8.2', null ]
292 verbose cache add spec express-session@^1.8.2
293 silly cache add parsed spec Result {
293 silly cache add   raw: 'express-session@^1.8.2',
293 silly cache add   scope: null,
293 silly cache add   escapedName: 'express-session',
293 silly cache add   name: 'express-session',
293 silly cache add   rawSpec: '^1.8.2',
293 silly cache add   spec: '>=1.8.2 <2.0.0',
293 silly cache add   type: 'range' }
294 silly addNamed express-session@>=1.8.2 <2.0.0
295 verbose addNamed ">=1.8.2 <2.0.0" is a valid semver range for express-session
296 silly addNameRange { name: 'express-session',
296 silly addNameRange   range: '>=1.8.2 <2.0.0',
296 silly addNameRange   hasData: false }
297 silly mapToRegistry name express-session
298 silly mapToRegistry using default registry
299 silly mapToRegistry registry https://registry.npmjs.org/
300 silly mapToRegistry data Result {
300 silly mapToRegistry   raw: 'express-session',
300 silly mapToRegistry   scope: null,
300 silly mapToRegistry   escapedName: 'express-session',
300 silly mapToRegistry   name: 'express-session',
300 silly mapToRegistry   rawSpec: '',
300 silly mapToRegistry   spec: 'latest',
300 silly mapToRegistry   type: 'tag' }
301 silly mapToRegistry uri https://registry.npmjs.org/express-session
302 verbose addNameRange registry:https://registry.npmjs.org/express-session not in flight; fetching
303 silly resolveWithNewModule morgan@1.7.0 checking installable status
304 silly cache add args [ 'morgan@^1.3.2', null ]
305 verbose cache add spec morgan@^1.3.2
306 silly cache add parsed spec Result {
306 silly cache add   raw: 'morgan@^1.3.2',
306 silly cache add   scope: null,
306 silly cache add   escapedName: 'morgan',
306 silly cache add   name: 'morgan',
306 silly cache add   rawSpec: '^1.3.2',
306 silly cache add   spec: '>=1.3.2 <2.0.0',
306 silly cache add   type: 'range' }
307 silly addNamed morgan@>=1.3.2 <2.0.0
308 verbose addNamed ">=1.3.2 <2.0.0" is a valid semver range for morgan
309 silly addNameRange { name: 'morgan', range: '>=1.3.2 <2.0.0', hasData: false }
310 silly mapToRegistry name morgan
311 silly mapToRegistry using default registry
312 silly mapToRegistry registry https://registry.npmjs.org/
313 silly mapToRegistry data Result {
313 silly mapToRegistry   raw: 'morgan',
313 silly mapToRegistry   scope: null,
313 silly mapToRegistry   escapedName: 'morgan',
313 silly mapToRegistry   name: 'morgan',
313 silly mapToRegistry   rawSpec: '',
313 silly mapToRegistry   spec: 'latest',
313 silly mapToRegistry   type: 'tag' }
314 silly mapToRegistry uri https://registry.npmjs.org/morgan
315 verbose addNameRange registry:https://registry.npmjs.org/morgan not in flight; fetching
316 silly resolveWithNewModule method-override@2.3.6 checking installable status
317 silly cache add args [ 'method-override@^2.2.0', null ]
318 verbose cache add spec method-override@^2.2.0
319 silly cache add parsed spec Result {
319 silly cache add   raw: 'method-override@^2.2.0',
319 silly cache add   scope: null,
319 silly cache add   escapedName: 'method-override',
319 silly cache add   name: 'method-override',
319 silly cache add   rawSpec: '^2.2.0',
319 silly cache add   spec: '>=2.2.0 <3.0.0',
319 silly cache add   type: 'range' }
320 silly addNamed method-override@>=2.2.0 <3.0.0
321 verbose addNamed ">=2.2.0 <3.0.0" is a valid semver range for method-override
322 silly addNameRange { name: 'method-override',
322 silly addNameRange   range: '>=2.2.0 <3.0.0',
322 silly addNameRange   hasData: false }
323 silly mapToRegistry name method-override
324 silly mapToRegistry using default registry
325 silly mapToRegistry registry https://registry.npmjs.org/
326 silly mapToRegistry data Result {
326 silly mapToRegistry   raw: 'method-override',
326 silly mapToRegistry   scope: null,
326 silly mapToRegistry   escapedName: 'method-override',
326 silly mapToRegistry   name: 'method-override',
326 silly mapToRegistry   rawSpec: '',
326 silly mapToRegistry   spec: 'latest',
326 silly mapToRegistry   type: 'tag' }
327 silly mapToRegistry uri https://registry.npmjs.org/method-override
328 verbose addNameRange registry:https://registry.npmjs.org/method-override not in flight; fetching
329 silly resolveWithNewModule q@1.4.1 checking installable status
330 silly cache add args [ 'q@^1.0.1', null ]
331 verbose cache add spec q@^1.0.1
332 silly cache add parsed spec Result {
332 silly cache add   raw: 'q@^1.0.1',
332 silly cache add   scope: null,
332 silly cache add   escapedName: 'q',
332 silly cache add   name: 'q',
332 silly cache add   rawSpec: '^1.0.1',
332 silly cache add   spec: '>=1.0.1 <2.0.0',
332 silly cache add   type: 'range' }
333 silly addNamed q@>=1.0.1 <2.0.0
334 verbose addNamed ">=1.0.1 <2.0.0" is a valid semver range for q
335 silly addNameRange { name: 'q', range: '>=1.0.1 <2.0.0', hasData: false }
336 silly mapToRegistry name q
337 silly mapToRegistry using default registry
338 silly mapToRegistry registry https://registry.npmjs.org/
339 silly mapToRegistry data Result {
339 silly mapToRegistry   raw: 'q',
339 silly mapToRegistry   scope: null,
339 silly mapToRegistry   escapedName: 'q',
339 silly mapToRegistry   name: 'q',
339 silly mapToRegistry   rawSpec: '',
339 silly mapToRegistry   spec: 'latest',
339 silly mapToRegistry   type: 'tag' }
340 silly mapToRegistry uri https://registry.npmjs.org/q
341 verbose addNameRange registry:https://registry.npmjs.org/q not in flight; fetching
342 silly resolveWithNewModule cookie-parser@1.4.3 checking installable status
343 silly cache add args [ 'cookie-parser@^1.3.3', null ]
344 verbose cache add spec cookie-parser@^1.3.3
345 silly cache add parsed spec Result {
345 silly cache add   raw: 'cookie-parser@^1.3.3',
345 silly cache add   scope: null,
345 silly cache add   escapedName: 'cookie-parser',
345 silly cache add   name: 'cookie-parser',
345 silly cache add   rawSpec: '^1.3.3',
345 silly cache add   spec: '>=1.3.3 <2.0.0',
345 silly cache add   type: 'range' }
346 silly addNamed cookie-parser@>=1.3.3 <2.0.0
347 verbose addNamed ">=1.3.3 <2.0.0" is a valid semver range for cookie-parser
348 silly addNameRange { name: 'cookie-parser',
348 silly addNameRange   range: '>=1.3.3 <2.0.0',
348 silly addNameRange   hasData: false }
349 silly mapToRegistry name cookie-parser
350 silly mapToRegistry using default registry
351 silly mapToRegistry registry https://registry.npmjs.org/
352 silly mapToRegistry data Result {
352 silly mapToRegistry   raw: 'cookie-parser',
352 silly mapToRegistry   scope: null,
352 silly mapToRegistry   escapedName: 'cookie-parser',
352 silly mapToRegistry   name: 'cookie-parser',
352 silly mapToRegistry   rawSpec: '',
352 silly mapToRegistry   spec: 'latest',
352 silly mapToRegistry   type: 'tag' }
353 silly mapToRegistry uri https://registry.npmjs.org/cookie-parser
354 verbose addNameRange registry:https://registry.npmjs.org/cookie-parser not in flight; fetching
355 verbose get https://registry.npmjs.org/express-handlebars not expired, no request
356 silly addNameRange number 2 { name: 'express-handlebars',
356 silly addNameRange   range: '>=1.1.0 <2.0.0',
356 silly addNameRange   hasData: true }
357 silly addNameRange versions [ 'express-handlebars',
357 silly addNameRange   [ '0.0.1',
357 silly addNameRange     '0.0.2',
357 silly addNameRange     '1.0.0-rc-1',
357 silly addNameRange     '1.0.0-rc-2',
357 silly addNameRange     '1.0.0',
357 silly addNameRange     '1.0.1',
357 silly addNameRange     '1.0.2',
357 silly addNameRange     '1.0.3',
357 silly addNameRange     '1.1.0',
357 silly addNameRange     '1.2.0',
357 silly addNameRange     '1.2.1',
357 silly addNameRange     '1.2.2',
357 silly addNameRange     '2.0.0',
357 silly addNameRange     '2.0.1',
357 silly addNameRange     '3.0.0' ] ]
358 silly addNamed express-handlebars@1.2.2
359 verbose addNamed "1.2.2" is a plain semver version for express-handlebars
360 verbose get https://registry.npmjs.org/express-session not expired, no request
361 silly addNameRange number 2 { name: 'express-session',
361 silly addNameRange   range: '>=1.8.2 <2.0.0',
361 silly addNameRange   hasData: true }
362 silly addNameRange versions [ 'express-session',
362 silly addNameRange   [ '1.0.0',
362 silly addNameRange     '1.0.1',
362 silly addNameRange     '1.0.2',
362 silly addNameRange     '1.0.3',
362 silly addNameRange     '1.0.4',
362 silly addNameRange     '1.1.0',
362 silly addNameRange     '1.2.0',
362 silly addNameRange     '1.2.1',
362 silly addNameRange     '1.3.0',
362 silly addNameRange     '1.3.1',
362 silly addNameRange     '1.4.0',
362 silly addNameRange     '1.5.0',
362 silly addNameRange     '1.5.1',
362 silly addNameRange     '1.5.2',
362 silly addNameRange     '1.6.0',
362 silly addNameRange     '1.6.1',
362 silly addNameRange     '1.6.2',
362 silly addNameRange     '1.6.3',
362 silly addNameRange     '1.6.4',
362 silly addNameRange     '1.6.5',
362 silly addNameRange     '1.7.0',
362 silly addNameRange     '1.7.1',
362 silly addNameRange     '1.7.2',
362 silly addNameRange     '1.7.3',
362 silly addNameRange     '1.7.4',
362 silly addNameRange     '1.7.5',
362 silly addNameRange     '1.7.6',
362 silly addNameRange     '1.8.0',
362 silly addNameRange     '1.8.1',
362 silly addNameRange     '1.8.2',
362 silly addNameRange     '1.9.0',
362 silly addNameRange     '1.9.1',
362 silly addNameRange     '1.9.2',
362 silly addNameRange     '1.9.3',
362 silly addNameRange     '1.10.0',
362 silly addNameRange     '1.10.1',
362 silly addNameRange     '1.10.2',
362 silly addNameRange     '1.10.3',
362 silly addNameRange     '1.10.4',
362 silly addNameRange     '1.11.0',
362 silly addNameRange     '1.11.1',
362 silly addNameRange     '1.11.2',
362 silly addNameRange     '1.11.3',
362 silly addNameRange     '1.12.0',
362 silly addNameRange     '1.12.1',
362 silly addNameRange     '1.13.0' ] ]
363 silly addNamed express-session@1.13.0
364 verbose addNamed "1.13.0" is a plain semver version for express-session
365 verbose get https://registry.npmjs.org/morgan not expired, no request
366 silly addNameRange number 2 { name: 'morgan', range: '>=1.3.2 <2.0.0', hasData: true }
367 silly addNameRange versions [ 'morgan',
367 silly addNameRange   [ '1.0.0',
367 silly addNameRange     '1.0.1',
367 silly addNameRange     '1.1.0',
367 silly addNameRange     '1.1.1',
367 silly addNameRange     '1.2.0',
367 silly addNameRange     '1.2.1',
367 silly addNameRange     '1.2.2',
367 silly addNameRange     '1.2.3',
367 silly addNameRange     '1.3.0',
367 silly addNameRange     '1.3.1',
367 silly addNameRange     '1.3.2',
367 silly addNameRange     '1.4.0',
367 silly addNameRange     '1.4.1',
367 silly addNameRange     '1.5.0',
367 silly addNameRange     '1.5.1',
367 silly addNameRange     '1.5.2',
367 silly addNameRange     '1.5.3',
367 silly addNameRange     '1.6.0',
367 silly addNameRange     '1.6.1',
367 silly addNameRange     '1.7.0' ] ]
368 silly addNamed morgan@1.7.0
369 verbose addNamed "1.7.0" is a plain semver version for morgan
370 verbose get https://registry.npmjs.org/method-override not expired, no request
371 silly addNameRange number 2 { name: 'method-override',
371 silly addNameRange   range: '>=2.2.0 <3.0.0',
371 silly addNameRange   hasData: true }
372 silly addNameRange versions [ 'method-override',
372 silly addNameRange   [ '1.0.0',
372 silly addNameRange     '1.0.1',
372 silly addNameRange     '1.0.2',
372 silly addNameRange     '2.0.0',
372 silly addNameRange     '2.0.1',
372 silly addNameRange     '2.0.2',
372 silly addNameRange     '2.1.0',
372 silly addNameRange     '2.1.1',
372 silly addNameRange     '2.1.2',
372 silly addNameRange     '2.1.3',
372 silly addNameRange     '2.2.0',
372 silly addNameRange     '2.3.0',
372 silly addNameRange     '2.3.1',
372 silly addNameRange     '2.3.2',
372 silly addNameRange     '2.3.3',
372 silly addNameRange     '2.3.4',
372 silly addNameRange     '2.3.5',
372 silly addNameRange     '2.3.6' ] ]
373 silly addNamed method-override@2.3.6
374 verbose addNamed "2.3.6" is a plain semver version for method-override
375 silly mapToRegistry name express-handlebars
376 silly mapToRegistry using default registry
377 silly mapToRegistry registry https://registry.npmjs.org/
378 silly mapToRegistry data Result {
378 silly mapToRegistry   raw: 'express-handlebars',
378 silly mapToRegistry   scope: null,
378 silly mapToRegistry   escapedName: 'express-handlebars',
378 silly mapToRegistry   name: 'express-handlebars',
378 silly mapToRegistry   rawSpec: '',
378 silly mapToRegistry   spec: 'latest',
378 silly mapToRegistry   type: 'tag' }
379 silly mapToRegistry uri https://registry.npmjs.org/express-handlebars
380 verbose addRemoteTarball https://registry.npmjs.org/express-handlebars/-/express-handlebars-1.2.2.tgz not in flight; adding
381 verbose addRemoteTarball [ 'https://registry.npmjs.org/express-handlebars/-/express-handlebars-1.2.2.tgz',
381 verbose addRemoteTarball   '945530aea626f0b87130dc8dbea2b6cea9c43460' ]
382 silly mapToRegistry name express-session
383 silly mapToRegistry using default registry
384 silly mapToRegistry registry https://registry.npmjs.org/
385 silly mapToRegistry data Result {
385 silly mapToRegistry   raw: 'express-session',
385 silly mapToRegistry   scope: null,
385 silly mapToRegistry   escapedName: 'express-session',
385 silly mapToRegistry   name: 'express-session',
385 silly mapToRegistry   rawSpec: '',
385 silly mapToRegistry   spec: 'latest',
385 silly mapToRegistry   type: 'tag' }
386 silly mapToRegistry uri https://registry.npmjs.org/express-session
387 verbose addRemoteTarball https://registry.npmjs.org/express-session/-/express-session-1.13.0.tgz not in flight; adding
388 verbose addRemoteTarball [ 'https://registry.npmjs.org/express-session/-/express-session-1.13.0.tgz',
388 verbose addRemoteTarball   '8ac3b5c0188b48382851d88207b8e7746efb4011' ]
389 verbose get https://registry.npmjs.org/q not expired, no request
390 silly addNameRange number 2 { name: 'q', range: '>=1.0.1 <2.0.0', hasData: true }
391 silly addNameRange versions [ 'q',
391 silly addNameRange   [ '0.0.0',
391 silly addNameRange     '0.0.1',
391 silly addNameRange     '0.0.2',
391 silly addNameRange     '0.0.3',
391 silly addNameRange     '0.1.0',
391 silly addNameRange     '0.1.1',
391 silly addNameRange     '0.1.2',
391 silly addNameRange     '0.1.3',
391 silly addNameRange     '0.1.4',
391 silly addNameRange     '0.1.5',
391 silly addNameRange     '0.1.6',
391 silly addNameRange     '0.1.7',
391 silly addNameRange     '0.1.8',
391 silly addNameRange     '0.1.9',
391 silly addNameRange     '0.2.0-rc1',
391 silly addNameRange     '0.2.0',
391 silly addNameRange     '0.2.1',
391 silly addNameRange     '0.2.2',
391 silly addNameRange     '0.2.3',
391 silly addNameRange     '0.2.4',
391 silly addNameRange     '0.2.5',
391 silly addNameRange     '0.2.6',
391 silly addNameRange     '0.2.7',
391 silly addNameRange     '0.2.8',
391 silly addNameRange     '0.2.9',
391 silly addNameRange     '0.3.0',
391 silly addNameRange     '0.2.10',
391 silly addNameRange     '0.4.0',
391 silly addNameRange     '0.4.1',
391 silly addNameRange     '0.4.2',
391 silly addNameRange     '0.4.4',
391 silly addNameRange     '0.5.0',
391 silly addNameRange     '0.5.1',
391 silly addNameRange     '0.5.2',
391 silly addNameRange     '0.5.3',
391 silly addNameRange     '0.6.0',
391 silly addNameRange     '0.7.0',
391 silly addNameRange     '0.7.1',
391 silly addNameRange     '0.7.2',
391 silly addNameRange     '0.8.0',
391 silly addNameRange     '0.8.1',
391 silly addNameRange     '0.8.2',
391 silly addNameRange     '0.8.3',
391 silly addNameRange     '0.8.4',
391 silly addNameRange     '0.8.5',
391 silly addNameRange     '0.8.6',
391 silly addNameRange     '0.8.7',
391 silly addNameRange     '0.8.8',
391 silly addNameRange     '0.8.9',
391 silly addNameRange     '0.8.10',
391 silly addNameRange     '0.8.11',
391 silly addNameRange     '0.8.12',
391 silly addNameRange     '0.9.0',
391 silly addNameRange     '0.9.1',
391 silly addNameRange     '0.9.2',
391 silly addNameRange     '0.9.3',
391 silly addNameRange     '0.9.4',
391 silly addNameRange     '0.9.5',
391 silly addNameRange     '0.9.6',
391 silly addNameRange     '0.9.7',
391 silly addNameRange     '1.0.0',
391 silly addNameRange     '1.0.1',
391 silly addNameRange     '2.0.0',
391 silly addNameRange     '2.0.1',
391 silly addNameRange     '2.0.2',
391 silly addNameRange     '1.1.0',
391 silly addNameRange     '1.1.1',
391 silly addNameRange     '1.1.2',
391 silly addNameRange     '2.0.3',
391 silly addNameRange     '1.2.0',
391 silly addNameRange     '1.2.1',
391 silly addNameRange     '1.3.0',
391 silly addNameRange     '1.4.0',
391 silly addNameRange     '1.4.1' ] ]
392 silly addNamed q@1.4.1
393 verbose addNamed "1.4.1" is a plain semver version for q
394 verbose get https://registry.npmjs.org/cookie-parser not expired, no request
395 silly addNameRange number 2 { name: 'cookie-parser', range: '>=1.3.3 <2.0.0', hasData: true }
396 silly addNameRange versions [ 'cookie-parser',
396 silly addNameRange   [ '1.0.0',
396 silly addNameRange     '1.0.1',
396 silly addNameRange     '1.1.0',
396 silly addNameRange     '1.2.0',
396 silly addNameRange     '1.3.0',
396 silly addNameRange     '1.3.1',
396 silly addNameRange     '1.3.2',
396 silly addNameRange     '1.3.3',
396 silly addNameRange     '1.3.4',
396 silly addNameRange     '1.3.5',
396 silly addNameRange     '1.4.0',
396 silly addNameRange     '1.4.1',
396 silly addNameRange     '1.4.2',
396 silly addNameRange     '1.4.3' ] ]
397 silly addNamed cookie-parser@1.4.3
398 verbose addNamed "1.4.3" is a plain semver version for cookie-parser
399 silly mapToRegistry name morgan
400 silly mapToRegistry using default registry
401 silly mapToRegistry registry https://registry.npmjs.org/
402 silly mapToRegistry data Result {
402 silly mapToRegistry   raw: 'morgan',
402 silly mapToRegistry   scope: null,
402 silly mapToRegistry   escapedName: 'morgan',
402 silly mapToRegistry   name: 'morgan',
402 silly mapToRegistry   rawSpec: '',
402 silly mapToRegistry   spec: 'latest',
402 silly mapToRegistry   type: 'tag' }
403 silly mapToRegistry uri https://registry.npmjs.org/morgan
404 verbose addRemoteTarball https://registry.npmjs.org/morgan/-/morgan-1.7.0.tgz not in flight; adding
405 verbose addRemoteTarball [ 'https://registry.npmjs.org/morgan/-/morgan-1.7.0.tgz',
405 verbose addRemoteTarball   'eb10ca8e50d1abe0f8d3dad5c0201d052d981c62' ]
406 silly cache afterAdd method-override@2.3.6
407 verbose afterAdd /Users/jeremypbeasley/.npm/method-override/2.3.6/package/package.json not in flight; writing
408 verbose correctMkdir /Users/jeremypbeasley/.npm correctMkdir not in flight; initializing
409 silly cache afterAdd cookie-parser@1.4.3
410 verbose afterAdd /Users/jeremypbeasley/.npm/cookie-parser/1.4.3/package/package.json not in flight; writing
411 verbose correctMkdir /Users/jeremypbeasley/.npm correctMkdir not in flight; initializing
412 silly cache afterAdd q@1.4.1
413 verbose afterAdd /Users/jeremypbeasley/.npm/q/1.4.1/package/package.json not in flight; writing
414 verbose correctMkdir /Users/jeremypbeasley/.npm correctMkdir not in flight; initializing
415 info retry fetch attempt 1 at 5:39:31 PM
416 info attempt registry request try #1 at 5:39:31 PM
417 http fetch GET https://registry.npmjs.org/express-handlebars/-/express-handlebars-1.2.2.tgz
418 info retry fetch attempt 1 at 5:39:31 PM
419 info attempt registry request try #1 at 5:39:31 PM
420 http fetch GET https://registry.npmjs.org/express-session/-/express-session-1.13.0.tgz
421 info retry fetch attempt 1 at 5:39:31 PM
422 info attempt registry request try #1 at 5:39:31 PM
423 http fetch GET https://registry.npmjs.org/morgan/-/morgan-1.7.0.tgz
424 info retry will retry, error on last attempt: Error: getaddrinfo ENOTFOUND registry.npmjs.org registry.npmjs.org:443
425 info retry will retry, error on last attempt: Error: getaddrinfo ENOTFOUND registry.npmjs.org registry.npmjs.org:443
426 info retry will retry, error on last attempt: Error: getaddrinfo ENOTFOUND registry.npmjs.org registry.npmjs.org:443
427 verbose afterAdd /Users/jeremypbeasley/.npm/method-override/2.3.6/package/package.json written
428 verbose afterAdd /Users/jeremypbeasley/.npm/cookie-parser/1.4.3/package/package.json written
429 verbose afterAdd /Users/jeremypbeasley/.npm/q/1.4.1/package/package.json written
430 info attempt registry request try #2 at 5:39:41 PM
431 http fetch GET https://registry.npmjs.org/express-handlebars/-/express-handlebars-1.2.2.tgz
432 info attempt registry request try #2 at 5:39:41 PM
433 http fetch GET https://registry.npmjs.org/morgan/-/morgan-1.7.0.tgz
434 info attempt registry request try #2 at 5:39:41 PM
435 http fetch GET https://registry.npmjs.org/express-session/-/express-session-1.13.0.tgz
436 info retry will retry, error on last attempt: Error: getaddrinfo ENOTFOUND registry.npmjs.org registry.npmjs.org:443
437 info retry will retry, error on last attempt: Error: getaddrinfo ENOTFOUND registry.npmjs.org registry.npmjs.org:443
438 info retry will retry, error on last attempt: Error: getaddrinfo ENOTFOUND registry.npmjs.org registry.npmjs.org:443
439 info attempt registry request try #3 at 5:40:41 PM
440 http fetch GET https://registry.npmjs.org/express-handlebars/-/express-handlebars-1.2.2.tgz
441 info attempt registry request try #3 at 5:40:41 PM
442 http fetch GET https://registry.npmjs.org/morgan/-/morgan-1.7.0.tgz
443 info attempt registry request try #3 at 5:40:41 PM
444 http fetch GET https://registry.npmjs.org/express-session/-/express-session-1.13.0.tgz
445 http fetch 200 https://registry.npmjs.org/express-handlebars/-/express-handlebars-1.2.2.tgz
446 http fetch 200 https://registry.npmjs.org/morgan/-/morgan-1.7.0.tgz
447 silly fetchAndShaCheck shasum eb10ca8e50d1abe0f8d3dad5c0201d052d981c62
448 verbose addTmpTarball /var/folders/59/wss9173x7f1_gvbpbg2pmf1m0000gn/T/npm-61111-2a4c064f/registry.npmjs.org/morgan/-/morgan-1.7.0.tgz not in flight; adding
449 verbose addTmpTarball already have metadata; skipping unpack for morgan@1.7.0
450 verbose correctMkdir /Users/jeremypbeasley/.npm correctMkdir not in flight; initializing
451 http fetch 200 https://registry.npmjs.org/express-session/-/express-session-1.13.0.tgz
452 silly cache afterAdd morgan@1.7.0
453 verbose afterAdd /Users/jeremypbeasley/.npm/morgan/1.7.0/package/package.json not in flight; writing
454 verbose correctMkdir /Users/jeremypbeasley/.npm correctMkdir not in flight; initializing
455 silly fetchAndShaCheck shasum 945530aea626f0b87130dc8dbea2b6cea9c43460
456 verbose addTmpTarball /var/folders/59/wss9173x7f1_gvbpbg2pmf1m0000gn/T/npm-61111-2a4c064f/registry.npmjs.org/express-handlebars/-/express-handlebars-1.2.2.tgz not in flight; adding
457 verbose addTmpTarball already have metadata; skipping unpack for express-handlebars@1.2.2
458 verbose correctMkdir /Users/jeremypbeasley/.npm correctMkdir not in flight; initializing
459 verbose afterAdd /Users/jeremypbeasley/.npm/morgan/1.7.0/package/package.json written
460 silly cache afterAdd express-handlebars@1.2.2
461 verbose afterAdd /Users/jeremypbeasley/.npm/express-handlebars/1.2.2/package/package.json not in flight; writing
462 verbose correctMkdir /Users/jeremypbeasley/.npm correctMkdir not in flight; initializing
463 verbose afterAdd /Users/jeremypbeasley/.npm/express-handlebars/1.2.2/package/package.json written
464 silly fetchAndShaCheck shasum 8ac3b5c0188b48382851d88207b8e7746efb4011
465 verbose addTmpTarball /var/folders/59/wss9173x7f1_gvbpbg2pmf1m0000gn/T/npm-61111-2a4c064f/registry.npmjs.org/express-session/-/express-session-1.13.0.tgz not in flight; adding
466 verbose addTmpTarball already have metadata; skipping unpack for express-session@1.13.0
467 verbose correctMkdir /Users/jeremypbeasley/.npm correctMkdir not in flight; initializing
468 silly cache afterAdd express-session@1.13.0
469 verbose afterAdd /Users/jeremypbeasley/.npm/express-session/1.13.0/package/package.json not in flight; writing
470 verbose correctMkdir /Users/jeremypbeasley/.npm correctMkdir not in flight; initializing
471 verbose afterAdd /Users/jeremypbeasley/.npm/express-session/1.13.0/package/package.json written
472 silly rollbackFailedOptional Starting
473 silly rollbackFailedOptional Finishing
474 silly runTopLevelLifecycles Starting
475 silly runTopLevelLifecycles Finishing
476 silly install printInstalled
477 verbose stack Error: getaddrinfo ENOTFOUND registry.npmjs.org registry.npmjs.org:443
477 verbose stack     at errnoException (dns.js:27:10)
477 verbose stack     at GetAddrInfoReqWrap.onlookup [as oncomplete] (dns.js:78:26)
478 verbose cwd /Users/jeremypbeasley/code/midas
479 error Darwin 15.0.0
480 error argv "/Users/jeremypbeasley/.nvm/versions/node/v4.4.5/bin/node" "/Users/jeremypbeasley/.nvm/versions/node/v4.4.5/bin/npm" "install"
481 error node v4.4.5
482 error npm  v3.10.2
483 error code ENOTFOUND
484 error errno ENOTFOUND
485 error syscall getaddrinfo
486 error network getaddrinfo ENOTFOUND registry.npmjs.org registry.npmjs.org:443
487 error network This is most likely not a problem with npm itself
487 error network and is related to network connectivity.
487 error network In most cases you are behind a proxy or have bad network settings.
487 error network
487 error network If you are behind a proxy, please make sure that the
487 error network 'proxy' config is set properly.  See: 'npm help config'
488 verbose exit [ 1, true ]
